<?xml version="1.0" encoding="UTF-8"?>
<!-- Generated by org.testng.reporters.JUnitReportReporter -->
<testsuite skipped="0" hostname="HDC1-D-92J2RG2" name="Demows.UPtoLp" tests="1" failures="0" timestamp="11 Feb 2019 10:37:34 GMT" time="12.754" errors="0">
  <testcase name="f" time="12.754" classname="Demows.UPtoLp"/>
</testsuite> <!-- Demows.UPtoLp -->
