<?xml version="1.0" encoding="UTF-8"?>
<!-- Generated by org.testng.reporters.JUnitReportReporter -->
<testsuite skipped="0" hostname="HDC1-D-92J2RG2" name="Demows.Rbuplod" tests="1" failures="0" timestamp="12 Feb 2019 04:39:25 GMT" time="26.950" errors="0">
  <testcase name="f" time="26.950" classname="Demows.Rbuplod"/>
</testsuite> <!-- Demows.Rbuplod -->
