<?xml version="1.0" encoding="UTF-8"?>
<!-- Generated by org.testng.reporters.JUnitReportReporter -->
<testsuite skipped="0" hostname="HDC1-D-92J2RG2" name="Demows.ActionsDemos" tests="1" failures="0" timestamp="11 Feb 2019 06:14:48 GMT" time="44.499" errors="0">
  <testcase name="f" time="44.499" classname="Demows.ActionsDemos"/>
</testsuite> <!-- Demows.ActionsDemos -->
