<?xml version="1.0" encoding="UTF-8"?>
<!-- Generated by org.testng.reporters.JUnitReportReporter -->
<testsuite skipped="0" hostname="HDC1-D-92J2RG2" name="Demows.Rb" tests="1" failures="0" timestamp="12 Feb 2019 04:11:18 GMT" time="20.817" errors="0">
  <testcase name="f" time="20.817" classname="Demows.Rb"/>
</testsuite> <!-- Demows.Rb -->
