<?xml version="1.0" encoding="UTF-8"?>
<!-- Generated by org.testng.reporters.JUnitReportReporter -->
<testsuite skipped="0" hostname="HDC1-D-92J2RG2" name="TEST10.Browserlaunch" tests="1" failures="0" timestamp="08 Feb 2019 04:06:22 GMT" time="24.773" errors="0">
  <testcase name="f" time="24.773" classname="TEST10.Browserlaunch"/>
</testsuite> <!-- TEST10.Browserlaunch -->
