<?xml version="1.0" encoding="UTF-8"?>
<!-- Generated by org.testng.reporters.JUnitReportReporter -->
<testsuite skipped="0" hostname="HDC1-D-92J2RG2" name="TEST10.firefox" tests="1" failures="0" timestamp="07 Feb 2019 12:18:06 GMT" time="12.102" errors="0">
  <testcase name="f" time="12.102" classname="TEST10.firefox"/>
</testsuite> <!-- TEST10.firefox -->
