<?xml version="1.0" encoding="UTF-8"?>
<!-- Generated by org.testng.reporters.JUnitReportReporter -->
<testsuite skipped="0" hostname="HDC1-D-92J2RG2" name="TEST10.InternetBrowser" tests="1" failures="0" timestamp="07 Feb 2019 12:18:21 GMT" time="5.827" errors="0">
  <testcase name="f" time="5.827" classname="TEST10.InternetBrowser"/>
</testsuite> <!-- TEST10.InternetBrowser -->
