<?xml version="1.0" encoding="UTF-8"?>
<!-- Generated by org.testng.reporters.JUnitReportReporter -->
<testsuite skipped="0" hostname="HDC1-D-92J2RG2" name="Demows.exel1" tests="1" failures="0" timestamp="12 Feb 2019 06:16:53 GMT" time="30.614" errors="0">
  <testcase name="f" time="30.614" classname="Demows.exel1"/>
</testsuite> <!-- Demows.exel1 -->
