<?xml version="1.0" encoding="UTF-8"?>
<!-- Generated by org.testng.reporters.JUnitReportReporter -->
<testsuite skipped="0" hostname="HDC1-D-92J2RG2" name="Demows.Screenshot" tests="1" failures="0" timestamp="11 Feb 2019 12:23:51 GMT" time="9.292" errors="0">
  <testcase name="ScreenshotReusable" time="9.292" classname="Demows.Screenshot"/>
</testsuite> <!-- Demows.Screenshot -->
