<?xml version="1.0" encoding="UTF-8"?>
<!-- Generated by org.testng.reporters.JUnitReportReporter -->
<testsuite skipped="0" hostname="HDC1-D-92J2RG2" name="TEST10.Facebooklogin" tests="1" failures="0" timestamp="08 Feb 2019 06:31:59 GMT" time="20.888" errors="0">
  <testcase name="f" time="20.888" classname="TEST10.Facebooklogin"/>
</testsuite> <!-- TEST10.Facebooklogin -->
