<?xml version="1.0" encoding="UTF-8"?>
<!-- Generated by org.testng.reporters.JUnitReportReporter -->
<testsuite skipped="0" hostname="HDC1-D-92J2RG2" name="Demows.Uitest" tests="1" failures="0" timestamp="11 Feb 2019 09:21:51 GMT" time="23.321" errors="0">
  <testcase name="f" time="23.321" classname="Demows.Uitest"/>
</testsuite> <!-- Demows.Uitest -->
