<?xml version="1.0" encoding="UTF-8"?>
<!-- Generated by org.testng.reporters.JUnitReportReporter -->
<testsuite skipped="0" hostname="HDC1-D-92J2RG2" name="Demows.NewTest" tests="1" failures="0" timestamp="11 Feb 2019 09:07:12 GMT" time="22.182" errors="0">
  <testcase name="f" time="22.182" classname="Demows.NewTest"/>
</testsuite> <!-- Demows.NewTest -->
