<?xml version="1.0" encoding="UTF-8"?>
<!-- Generated by org.testng.reporters.JUnitReportReporter -->
<testsuite skipped="0" hostname="HDC1-D-92J2RG2" name="Demows.Checkjs" tests="1" failures="0" timestamp="11 Feb 2019 12:01:02 GMT" time="15.618" errors="0">
  <testcase name="f" time="15.618" classname="Demows.Checkjs"/>
</testsuite> <!-- Demows.Checkjs -->
