<?xml version="1.0" encoding="UTF-8"?>
<!-- Generated by org.testng.reporters.JUnitReportReporter -->
<testsuite skipped="0" hostname="HDC1-D-92J2RG2" name="Demows.Javascriptalert" tests="1" failures="0" timestamp="11 Feb 2019 12:11:07 GMT" time="25.439" errors="0">
  <testcase name="f" time="25.439" classname="Demows.Javascriptalert"/>
</testsuite> <!-- Demows.Javascriptalert -->
